<?xml version="1.0" encoding="UTF-8"?>
<!-- Generated by org.testng.reporters.JUnitXMLReporter -->
<testsuite hostname="AGI-IT-002" ignored="0" name="checkEmailfield" tests="1" failures="1" timestamp="14 Aug 2017 12:41:39 GMT" time="0.495" errors="0">
  <testcase name="checkEmailfield" time="0.035" classname="com.Aspen.testcases.TestEmailField">
    <failure type="java.lang.AssertionError" message="expected [xyz] but found [abc]">
      <![CDATA[java.lang.AssertionError: expected [xyz] but found [abc]
	at com.Aspen.testcases.TestEmailField.checkEmailfield(TestEmailField.java:14)
... Removed 31 stack frames]]>
    </failure>
  </testcase> <!-- checkEmailfield -->
</testsuite> <!-- checkEmailfield -->
